[debug] [2025-04-02T10:12:52.628Z] ----------------------------------------------------------------------
[debug] [2025-04-02T10:12:52.632Z] Command:       C:\Program Files\nodejs\node.exe C:\Users\admin\AppData\Roaming\npm\node_modules\firebase-tools\lib\bin\firebase.js deploy --only hosting
[debug] [2025-04-02T10:12:52.632Z] CLI Version:   14.0.1
[debug] [2025-04-02T10:12:52.632Z] Platform:      win32
[debug] [2025-04-02T10:12:52.632Z] Node Version:  v22.13.1
[debug] [2025-04-02T10:12:52.633Z] Time:          Wed Apr 02 2025 15:42:52 GMT+0530 (India Standard Time)
[debug] [2025-04-02T10:12:52.633Z] ----------------------------------------------------------------------
[debug] 
[debug] [2025-04-02T10:12:52.917Z] > command requires scopes: ["email","openid","https://www.googleapis.com/auth/cloudplatformprojects.readonly","https://www.googleapis.com/auth/firebase","https://www.googleapis.com/auth/cloud-platform"]
[debug] [2025-04-02T10:12:52.918Z] > authorizing via signed-in user (adwitachavan20@gmail.com)
[debug] [2025-04-02T10:12:52.918Z] [iam] checking project drive-50824 for permissions ["firebase.projects.get","firebasehosting.sites.update"]
[debug] [2025-04-02T10:12:52.919Z] Checked if tokens are valid: false, expires at: 1743568609344
[debug] [2025-04-02T10:12:52.919Z] Checked if tokens are valid: false, expires at: 1743568609344
[debug] [2025-04-02T10:12:52.920Z] > refreshing access token with scopes: []
[debug] [2025-04-02T10:12:52.922Z] >>> [apiv2][query] POST https://www.googleapis.com/oauth2/v3/token [none]
[debug] [2025-04-02T10:12:52.922Z] >>> [apiv2][body] POST https://www.googleapis.com/oauth2/v3/token [omitted]
[debug] [2025-04-02T10:12:55.720Z] <<< [apiv2][status] POST https://www.googleapis.com/oauth2/v3/token 200
[debug] [2025-04-02T10:12:55.720Z] <<< [apiv2][body] POST https://www.googleapis.com/oauth2/v3/token [omitted]
[debug] [2025-04-02T10:12:55.737Z] >>> [apiv2][query] POST https://cloudresourcemanager.googleapis.com/v1/projects/drive-50824:testIamPermissions [none]
[debug] [2025-04-02T10:12:55.738Z] >>> [apiv2][(partial)header] POST https://cloudresourcemanager.googleapis.com/v1/projects/drive-50824:testIamPermissions x-goog-quota-user=projects/drive-50824
[debug] [2025-04-02T10:12:55.738Z] >>> [apiv2][body] POST https://cloudresourcemanager.googleapis.com/v1/projects/drive-50824:testIamPermissions {"permissions":["firebase.projects.get","firebasehosting.sites.update"]}
